<?xml version="1.0" encoding="UTF-8"?>
<testng-results ignored="0" total="1" passed="1" failed="0" skipped="0">
  <reporter-output>
  </reporter-output>
  <suite started-at="2024-06-03T10:59:14 IST" name="Default suite" finished-at="2024-06-03T11:00:53 IST" duration-ms="99372">
    <groups>
    </groups>
    <test started-at="2024-06-03T10:59:14 IST" name="Default test" finished-at="2024-06-03T11:00:53 IST" duration-ms="99372">
      <class name="TestCaseExecution.ExecutionClass">
        <test-method is-config="true" signature="Open()[pri:0, instance:TestCaseExecution.ExecutionClass@123ef382]" started-at="2024-06-03T10:59:14 IST" name="Open" finished-at="2024-06-03T10:59:18 IST" duration-ms="3743" status="PASS">
          <reporter-output>
          </reporter-output>
        </test-method> <!-- Open -->
        <test-method signature="execute()[pri:0, instance:TestCaseExecution.ExecutionClass@123ef382]" started-at="2024-06-03T10:59:18 IST" name="execute" finished-at="2024-06-03T11:00:53 IST" duration-ms="95545" status="PASS">
          <reporter-output>
          </reporter-output>
        </test-method> <!-- execute -->
      </class> <!-- TestCaseExecution.ExecutionClass -->
    </test> <!-- Default test -->
  </suite> <!-- Default suite -->
</testng-results>
